<?xml version="1.0" encoding="UTF-8"?>
<coverage generated="1663928036902" clover="3.2.0">
  <project timestamp="1663928036902" name="All files">
    <metrics statements="113" coveredstatements="113" conditionals="46" coveredconditionals="46" methods="7" coveredmethods="6" elements="166" coveredelements="165" complexity="0" loc="113" ncloc="113" packages="2" files="2" classes="2"/>
    <package name="src">
      <metrics statements="11" coveredstatements="11" conditionals="1" coveredconditionals="1" methods="1" coveredmethods="1"/>
      <file name="App.tsx" path="C:\xampp\htdocs\build-projects\calculator\src\App.tsx">
        <metrics statements="11" coveredstatements="11" conditionals="1" coveredconditionals="1" methods="1" coveredmethods="1"/>
        <line num="1" count="1" type="stmt"/>
        <line num="2" count="1" type="stmt"/>
        <line num="3" count="1" type="cond" truecount="1" falsecount="0"/>
        <line num="4" count="1" type="stmt"/>
        <line num="5" count="1" type="stmt"/>
        <line num="6" count="1" type="stmt"/>
        <line num="7" count="1" type="stmt"/>
        <line num="8" count="1" type="stmt"/>
        <line num="9" count="1" type="stmt"/>
        <line num="10" count="1" type="stmt"/>
        <line num="11" count="1" type="stmt"/>
      </file>
    </package>
    <package name="src.components">
      <metrics statements="102" coveredstatements="102" conditionals="45" coveredconditionals="45" methods="6" coveredmethods="5"/>
      <file name="Calculator.tsx" path="C:\xampp\htdocs\build-projects\calculator\src\components\Calculator.tsx">
        <metrics statements="102" coveredstatements="102" conditionals="45" coveredconditionals="45" methods="6" coveredmethods="5"/>
        <line num="1" count="1" type="stmt"/>
        <line num="2" count="1" type="stmt"/>
        <line num="3" count="1" type="stmt"/>
        <line num="4" count="1" type="stmt"/>
        <line num="5" count="1" type="cond" truecount="1" falsecount="0"/>
        <line num="6" count="1" type="stmt"/>
        <line num="7" count="1" type="stmt"/>
        <line num="8" count="1" type="stmt"/>
        <line num="9" count="1" type="stmt"/>
        <line num="10" count="1" type="stmt"/>
        <line num="11" count="1" type="stmt"/>
        <line num="12" count="1" type="stmt"/>
        <line num="13" count="1" type="stmt"/>
        <line num="14" count="1" type="cond" truecount="1" falsecount="0"/>
        <line num="15" count="86" type="stmt"/>
        <line num="16" count="86" type="stmt"/>
        <line num="17" count="86" type="stmt"/>
        <line num="18" count="86" type="stmt"/>
        <line num="19" count="86" type="stmt"/>
        <line num="20" count="86" type="cond" truecount="1" falsecount="0"/>
        <line num="21" count="54" type="stmt"/>
        <line num="22" count="54" type="cond" truecount="1" falsecount="0"/>
        <line num="23" count="216" type="stmt"/>
        <line num="24" count="216" type="cond" truecount="1" falsecount="0"/>
        <line num="25" count="13" type="stmt"/>
        <line num="26" count="13" type="stmt"/>
        <line num="27" count="54" type="stmt"/>
        <line num="28" count="54" type="stmt"/>
        <line num="29" count="54" type="cond" truecount="1" falsecount="0"/>
        <line num="30" count="54" type="cond" truecount="1" falsecount="0"/>
        <line num="31" count="54" type="stmt"/>
        <line num="32" count="54" type="stmt"/>
        <line num="33" count="86" type="stmt"/>
        <line num="34" count="86" type="cond" truecount="1" falsecount="0"/>
        <line num="35" count="54" type="stmt"/>
        <line num="36" count="54" type="stmt"/>
        <line num="37" count="54" type="stmt"/>
        <line num="38" count="54" type="stmt"/>
        <line num="39" count="54" type="stmt"/>
        <line num="40" count="54" type="stmt"/>
        <line num="41" count="54" type="stmt"/>
        <line num="42" count="54" type="stmt"/>
        <line num="43" count="54" type="cond" truecount="2" falsecount="0"/>
        <line num="44" count="2" type="stmt"/>
        <line num="45" count="2" type="stmt"/>
        <line num="46" count="2" type="stmt"/>
        <line num="47" count="54" type="cond" truecount="3" falsecount="0"/>
        <line num="48" count="1" type="stmt"/>
        <line num="49" count="1" type="stmt"/>
        <line num="50" count="54" type="cond" truecount="5" falsecount="0"/>
        <line num="51" count="3" type="stmt"/>
        <line num="52" count="3" type="stmt"/>
        <line num="53" count="54" type="cond" truecount="3" falsecount="0"/>
        <line num="54" count="2" type="stmt"/>
        <line num="55" count="2" type="stmt"/>
        <line num="56" count="2" type="stmt"/>
        <line num="57" count="54" type="cond" truecount="2" falsecount="0"/>
        <line num="58" count="54" type="cond" truecount="2" falsecount="0"/>
        <line num="59" count="54" type="cond" truecount="3" falsecount="0"/>
        <line num="60" count="54" type="cond" truecount="3" falsecount="0"/>
        <line num="61" count="1" type="stmt"/>
        <line num="62" count="1" type="stmt"/>
        <line num="63" count="1" type="stmt"/>
        <line num="64" count="54" type="cond" truecount="3" falsecount="0"/>
        <line num="65" count="1" type="stmt"/>
        <line num="66" count="1" type="stmt"/>
        <line num="67" count="1" type="stmt"/>
        <line num="68" count="54" type="cond" truecount="3" falsecount="0"/>
        <line num="69" count="1" type="stmt"/>
        <line num="70" count="1" type="stmt"/>
        <line num="71" count="54" type="cond" truecount="3" falsecount="0"/>
        <line num="72" count="54" type="stmt"/>
        <line num="73" count="86" type="stmt"/>
        <line num="74" count="86" type="stmt"/>
        <line num="75" count="86" type="stmt"/>
        <line num="76" count="86" type="stmt"/>
        <line num="77" count="86" type="stmt"/>
        <line num="78" count="86" type="stmt"/>
        <line num="79" count="86" type="stmt"/>
        <line num="80" count="86" type="stmt"/>
        <line num="81" count="86" type="stmt"/>
        <line num="82" count="86" type="stmt"/>
        <line num="83" count="86" type="cond" truecount="1" falsecount="0"/>
        <line num="84" count="86" type="stmt"/>
        <line num="85" count="86" type="cond" truecount="1" falsecount="0"/>
        <line num="86" count="1634" type="stmt"/>
        <line num="87" count="86" type="cond" truecount="1" falsecount="0"/>
        <line num="88" count="86" type="stmt"/>
        <line num="89" count="86" type="stmt"/>
        <line num="90" count="86" type="cond" truecount="2" falsecount="0"/>
        <line num="91" count="86" type="stmt"/>
        <line num="92" count="86" type="stmt"/>
        <line num="93" count="86" type="stmt"/>
        <line num="94" count="86" type="stmt"/>
        <line num="95" count="86" type="stmt"/>
        <line num="96" count="86" type="stmt"/>
        <line num="97" count="86" type="stmt"/>
        <line num="98" count="86" type="stmt"/>
        <line num="99" count="86" type="stmt"/>
        <line num="100" count="86" type="stmt"/>
        <line num="101" count="86" type="stmt"/>
        <line num="102" count="1" type="stmt"/>
      </file>
    </package>
  </project>
</coverage>
