{"C:\\xampp\\htdocs\\build-projects\\calculator\\src\\App.tsx": {"path":"C:\\xampp\\htdocs\\build-projects\\calculator\\src\\App.tsx","all":false,"statementMap":{"0":{"start":{"line":1,"column":0},"end":{"line":1,"column":48}},"1":{"start":{"line":2,"column":0},"end":{"line":2,"column":0}},"2":{"start":{"line":3,"column":0},"end":{"line":3,"column":17}},"3":{"start":{"line":4,"column":0},"end":{"line":4,"column":10}},"4":{"start":{"line":5,"column":0},"end":{"line":5,"column":6}},"5":{"start":{"line":6,"column":0},"end":{"line":6,"column":20}},"6":{"start":{"line":7,"column":0},"end":{"line":7,"column":7}},"7":{"start":{"line":8,"column":0},"end":{"line":8,"column":3}},"8":{"start":{"line":9,"column":0},"end":{"line":9,"column":1}},"9":{"start":{"line":10,"column":0},"end":{"line":10,"column":0}},"10":{"start":{"line":11,"column":0},"end":{"line":11,"column":18}}},"s":{"0":1,"1":1,"2":1,"3":1,"4":1,"5":1,"6":1,"7":1,"8":1,"9":1,"10":1},"branchMap":{"0":{"type":"branch","line":3,"loc":{"start":{"line":3,"column":0},"end":{"line":11,"column":15}},"locations":[{"start":{"line":3,"column":0},"end":{"line":11,"column":15}}]}},"b":{"0":[1]},"fnMap":{"0":{"name":"App","decl":{"start":{"line":3,"column":0},"end":{"line":11,"column":15}},"loc":{"start":{"line":3,"column":0},"end":{"line":11,"column":15}},"line":3}},"f":{"0":1}}
,"C:\\xampp\\htdocs\\build-projects\\calculator\\src\\components\\Calculator.tsx": {"path":"C:\\xampp\\htdocs\\build-projects\\calculator\\src\\components\\Calculator.tsx","all":false,"statementMap":{"0":{"start":{"line":1,"column":0},"end":{"line":1,"column":32}},"1":{"start":{"line":2,"column":0},"end":{"line":2,"column":33}},"2":{"start":{"line":3,"column":0},"end":{"line":3,"column":25}},"3":{"start":{"line":4,"column":0},"end":{"line":4,"column":0}},"4":{"start":{"line":5,"column":0},"end":{"line":5,"column":55}},"5":{"start":{"line":6,"column":0},"end":{"line":6,"column":44}},"6":{"start":{"line":7,"column":0},"end":{"line":7,"column":26}},"7":{"start":{"line":8,"column":0},"end":{"line":8,"column":17}},"8":{"start":{"line":9,"column":0},"end":{"line":9,"column":17}},"9":{"start":{"line":10,"column":0},"end":{"line":10,"column":17}},"10":{"start":{"line":11,"column":0},"end":{"line":11,"column":15}},"11":{"start":{"line":12,"column":0},"end":{"line":12,"column":1}},"12":{"start":{"line":13,"column":0},"end":{"line":13,"column":0}},"13":{"start":{"line":14,"column":0},"end":{"line":14,"column":26}},"14":{"start":{"line":15,"column":0},"end":{"line":15,"column":21}},"15":{"start":{"line":16,"column":0},"end":{"line":16,"column":47}},"16":{"start":{"line":17,"column":0},"end":{"line":17,"column":48}},"17":{"start":{"line":18,"column":0},"end":{"line":18,"column":58}},"18":{"start":{"line":19,"column":0},"end":{"line":19,"column":0}},"19":{"start":{"line":20,"column":0},"end":{"line":20,"column":43}},"20":{"start":{"line":21,"column":0},"end":{"line":21,"column":39}},"21":{"start":{"line":22,"column":0},"end":{"line":22,"column":35}},"22":{"start":{"line":23,"column":0},"end":{"line":23,"column":47}},"23":{"start":{"line":24,"column":0},"end":{"line":24,"column":40}},"24":{"start":{"line":25,"column":0},"end":{"line":25,"column":35}},"25":{"start":{"line":26,"column":0},"end":{"line":26,"column":7}},"26":{"start":{"line":27,"column":0},"end":{"line":27,"column":6}},"27":{"start":{"line":28,"column":0},"end":{"line":28,"column":0}},"28":{"start":{"line":29,"column":0},"end":{"line":29,"column":29}},"29":{"start":{"line":30,"column":0},"end":{"line":30,"column":35}},"30":{"start":{"line":31,"column":0},"end":{"line":31,"column":70}},"31":{"start":{"line":32,"column":0},"end":{"line":32,"column":3}},"32":{"start":{"line":33,"column":0},"end":{"line":33,"column":0}},"33":{"start":{"line":34,"column":0},"end":{"line":34,"column":46}},"34":{"start":{"line":35,"column":0},"end":{"line":35,"column":16}},"35":{"start":{"line":36,"column":0},"end":{"line":36,"column":43}},"36":{"start":{"line":37,"column":0},"end":{"line":37,"column":60}},"37":{"start":{"line":38,"column":0},"end":{"line":38,"column":54}},"38":{"start":{"line":39,"column":0},"end":{"line":39,"column":74}},"39":{"start":{"line":40,"column":0},"end":{"line":40,"column":0}},"40":{"start":{"line":41,"column":0},"end":{"line":41,"column":23}},"41":{"start":{"line":42,"column":0},"end":{"line":42,"column":0}},"42":{"start":{"line":43,"column":0},"end":{"line":43,"column":36}},"43":{"start":{"line":44,"column":0},"end":{"line":44,"column":18}},"44":{"start":{"line":45,"column":0},"end":{"line":45,"column":81}},"45":{"start":{"line":46,"column":0},"end":{"line":46,"column":5}},"46":{"start":{"line":47,"column":0},"end":{"line":47,"column":45}},"47":{"start":{"line":48,"column":0},"end":{"line":48,"column":81}},"48":{"start":{"line":49,"column":0},"end":{"line":49,"column":5}},"49":{"start":{"line":50,"column":0},"end":{"line":50,"column":89}},"50":{"start":{"line":51,"column":0},"end":{"line":51,"column":71}},"51":{"start":{"line":52,"column":0},"end":{"line":52,"column":5}},"52":{"start":{"line":53,"column":0},"end":{"line":53,"column":51}},"53":{"start":{"line":54,"column":0},"end":{"line":54,"column":58}},"54":{"start":{"line":55,"column":0},"end":{"line":55,"column":12}},"55":{"start":{"line":56,"column":0},"end":{"line":56,"column":5}},"56":{"start":{"line":57,"column":0},"end":{"line":57,"column":59}},"57":{"start":{"line":58,"column":0},"end":{"line":58,"column":42}},"58":{"start":{"line":59,"column":0},"end":{"line":59,"column":82}},"59":{"start":{"line":60,"column":0},"end":{"line":60,"column":49}},"60":{"start":{"line":61,"column":0},"end":{"line":61,"column":79}},"61":{"start":{"line":62,"column":0},"end":{"line":62,"column":45}},"62":{"start":{"line":63,"column":0},"end":{"line":63,"column":5}},"63":{"start":{"line":64,"column":0},"end":{"line":64,"column":50}},"64":{"start":{"line":65,"column":0},"end":{"line":65,"column":41}},"65":{"start":{"line":66,"column":0},"end":{"line":66,"column":12}},"66":{"start":{"line":67,"column":0},"end":{"line":67,"column":5}},"67":{"start":{"line":68,"column":0},"end":{"line":68,"column":41}},"68":{"start":{"line":69,"column":0},"end":{"line":69,"column":73}},"69":{"start":{"line":70,"column":0},"end":{"line":70,"column":5}},"70":{"start":{"line":71,"column":0},"end":{"line":71,"column":77}},"71":{"start":{"line":72,"column":0},"end":{"line":72,"column":3}},"72":{"start":{"line":73,"column":0},"end":{"line":73,"column":0}},"73":{"start":{"line":74,"column":0},"end":{"line":74,"column":10}},"74":{"start":{"line":75,"column":0},"end":{"line":75,"column":6}},"75":{"start":{"line":76,"column":0},"end":{"line":76,"column":25}},"76":{"start":{"line":77,"column":0},"end":{"line":77,"column":48}},"77":{"start":{"line":78,"column":0},"end":{"line":78,"column":15}},"78":{"start":{"line":79,"column":0},"end":{"line":79,"column":10}},"79":{"start":{"line":80,"column":0},"end":{"line":80,"column":34}},"80":{"start":{"line":81,"column":0},"end":{"line":81,"column":40}},"81":{"start":{"line":82,"column":0},"end":{"line":82,"column":45}},"82":{"start":{"line":83,"column":0},"end":{"line":83,"column":40}},"83":{"start":{"line":84,"column":0},"end":{"line":84,"column":43}},"84":{"start":{"line":85,"column":0},"end":{"line":85,"column":32}},"85":{"start":{"line":86,"column":0},"end":{"line":86,"column":23}},"86":{"start":{"line":87,"column":0},"end":{"line":87,"column":68}},"87":{"start":{"line":88,"column":0},"end":{"line":88,"column":28}},"88":{"start":{"line":89,"column":0},"end":{"line":89,"column":29}},"89":{"start":{"line":90,"column":0},"end":{"line":90,"column":57}},"90":{"start":{"line":91,"column":0},"end":{"line":91,"column":17}},"91":{"start":{"line":92,"column":0},"end":{"line":92,"column":24}},"92":{"start":{"line":93,"column":0},"end":{"line":93,"column":25}},"93":{"start":{"line":94,"column":0},"end":{"line":94,"column":17}},"94":{"start":{"line":95,"column":0},"end":{"line":95,"column":18}},"95":{"start":{"line":96,"column":0},"end":{"line":96,"column":13}},"96":{"start":{"line":97,"column":0},"end":{"line":97,"column":14}},"97":{"start":{"line":98,"column":0},"end":{"line":98,"column":12}},"98":{"start":{"line":99,"column":0},"end":{"line":99,"column":7}},"99":{"start":{"line":100,"column":0},"end":{"line":100,"column":3}},"100":{"start":{"line":101,"column":0},"end":{"line":101,"column":1}},"101":{"start":{"line":102,"column":0},"end":{"line":102,"column":25}}},"s":{"0":1,"1":1,"2":1,"3":1,"4":1,"5":1,"6":1,"7":1,"8":1,"9":1,"10":1,"11":1,"12":1,"13":1,"14":86,"15":86,"16":86,"17":86,"18":86,"19":86,"20":54,"21":54,"22":216,"23":216,"24":13,"25":13,"26":54,"27":54,"28":54,"29":54,"30":54,"31":54,"32":86,"33":86,"34":54,"35":54,"36":54,"37":54,"38":54,"39":54,"40":54,"41":54,"42":54,"43":2,"44":2,"45":2,"46":54,"47":1,"48":1,"49":54,"50":3,"51":3,"52":54,"53":2,"54":2,"55":2,"56":54,"57":54,"58":54,"59":54,"60":1,"61":1,"62":1,"63":54,"64":1,"65":1,"66":1,"67":54,"68":1,"69":1,"70":54,"71":54,"72":86,"73":86,"74":86,"75":86,"76":86,"77":86,"78":86,"79":86,"80":86,"81":86,"82":86,"83":86,"84":86,"85":1634,"86":86,"87":86,"88":86,"89":86,"90":86,"91":86,"92":86,"93":86,"94":86,"95":86,"96":86,"97":86,"98":86,"99":86,"100":86,"101":1},"branchMap":{"0":{"type":"branch","line":5,"loc":{"start":{"line":5,"column":35},"end":{"line":5,"column":36}},"locations":[{"start":{"line":5,"column":35},"end":{"line":5,"column":36}}]},"1":{"type":"branch","line":14,"loc":{"start":{"line":14,"column":19},"end":{"line":101,"column":1}},"locations":[{"start":{"line":14,"column":19},"end":{"line":101,"column":1}}]},"2":{"type":"branch","line":20,"loc":{"start":{"line":20,"column":25},"end":{"line":32,"column":3}},"locations":[{"start":{"line":20,"column":25},"end":{"line":32,"column":3}}]},"3":{"type":"branch","line":29,"loc":{"start":{"line":29,"column":28},"end":{"line":30,"column":22}},"locations":[{"start":{"line":29,"column":28},"end":{"line":30,"column":22}}]},"4":{"type":"branch","line":30,"loc":{"start":{"line":30,"column":21},"end":{"line":31,"column":22}},"locations":[{"start":{"line":30,"column":21},"end":{"line":31,"column":22}}]},"5":{"type":"branch","line":22,"loc":{"start":{"line":22,"column":22},"end":{"line":26,"column":7}},"locations":[{"start":{"line":22,"column":22},"end":{"line":26,"column":7}}]},"6":{"type":"branch","line":24,"loc":{"start":{"line":24,"column":39},"end":{"line":26,"column":7}},"locations":[{"start":{"line":24,"column":39},"end":{"line":26,"column":7}}]},"7":{"type":"branch","line":34,"loc":{"start":{"line":34,"column":29},"end":{"line":72,"column":3}},"locations":[{"start":{"line":34,"column":29},"end":{"line":72,"column":3}}]},"8":{"type":"branch","line":43,"loc":{"start":{"line":43,"column":8},"end":{"line":43,"column":35}},"locations":[{"start":{"line":43,"column":8},"end":{"line":43,"column":35}}]},"9":{"type":"branch","line":43,"loc":{"start":{"line":43,"column":35},"end":{"line":47,"column":8}},"locations":[{"start":{"line":43,"column":35},"end":{"line":47,"column":8}}]},"10":{"type":"branch","line":47,"loc":{"start":{"line":47,"column":4},"end":{"line":47,"column":21}},"locations":[{"start":{"line":47,"column":4},"end":{"line":47,"column":21}}]},"11":{"type":"branch","line":47,"loc":{"start":{"line":47,"column":8},"end":{"line":47,"column":44}},"locations":[{"start":{"line":47,"column":8},"end":{"line":47,"column":44}}]},"12":{"type":"branch","line":47,"loc":{"start":{"line":47,"column":44},"end":{"line":50,"column":8}},"locations":[{"start":{"line":47,"column":44},"end":{"line":50,"column":8}}]},"13":{"type":"branch","line":50,"loc":{"start":{"line":50,"column":4},"end":{"line":50,"column":25}},"locations":[{"start":{"line":50,"column":4},"end":{"line":50,"column":25}}]},"14":{"type":"branch","line":50,"loc":{"start":{"line":50,"column":17},"end":{"line":50,"column":88}},"locations":[{"start":{"line":50,"column":17},"end":{"line":50,"column":88}}]},"15":{"type":"branch","line":50,"loc":{"start":{"line":50,"column":35},"end":{"line":50,"column":66}},"locations":[{"start":{"line":50,"column":35},"end":{"line":50,"column":66}}]},"16":{"type":"branch","line":50,"loc":{"start":{"line":50,"column":41},"end":{"line":50,"column":88}},"locations":[{"start":{"line":50,"column":41},"end":{"line":50,"column":88}}]},"17":{"type":"branch","line":50,"loc":{"start":{"line":50,"column":88},"end":{"line":53,"column":8}},"locations":[{"start":{"line":50,"column":88},"end":{"line":53,"column":8}}]},"18":{"type":"branch","line":53,"loc":{"start":{"line":53,"column":4},"end":{"line":53,"column":24}},"locations":[{"start":{"line":53,"column":4},"end":{"line":53,"column":24}}]},"19":{"type":"branch","line":53,"loc":{"start":{"line":53,"column":17},"end":{"line":53,"column":35}},"locations":[{"start":{"line":53,"column":17},"end":{"line":53,"column":35}}]},"20":{"type":"branch","line":53,"loc":{"start":{"line":53,"column":50},"end":{"line":57,"column":8}},"locations":[{"start":{"line":53,"column":50},"end":{"line":57,"column":8}}]},"21":{"type":"branch","line":57,"loc":{"start":{"line":57,"column":4},"end":{"line":57,"column":31}},"locations":[{"start":{"line":57,"column":4},"end":{"line":57,"column":31}}]},"22":{"type":"branch","line":57,"loc":{"start":{"line":57,"column":24},"end":{"line":58,"column":8}},"locations":[{"start":{"line":57,"column":24},"end":{"line":58,"column":8}}]},"23":{"type":"branch","line":58,"loc":{"start":{"line":58,"column":4},"end":{"line":58,"column":30}},"locations":[{"start":{"line":58,"column":4},"end":{"line":58,"column":30}}]},"24":{"type":"branch","line":58,"loc":{"start":{"line":58,"column":23},"end":{"line":59,"column":8}},"locations":[{"start":{"line":58,"column":23},"end":{"line":59,"column":8}}]},"25":{"type":"branch","line":59,"loc":{"start":{"line":59,"column":4},"end":{"line":59,"column":24}},"locations":[{"start":{"line":59,"column":4},"end":{"line":59,"column":24}}]},"26":{"type":"branch","line":59,"loc":{"start":{"line":59,"column":17},"end":{"line":59,"column":47}},"locations":[{"start":{"line":59,"column":17},"end":{"line":59,"column":47}}]},"27":{"type":"branch","line":59,"loc":{"start":{"line":59,"column":47},"end":{"line":60,"column":8}},"locations":[{"start":{"line":59,"column":47},"end":{"line":60,"column":8}}]},"28":{"type":"branch","line":60,"loc":{"start":{"line":60,"column":4},"end":{"line":60,"column":24}},"locations":[{"start":{"line":60,"column":4},"end":{"line":60,"column":24}}]},"29":{"type":"branch","line":60,"loc":{"start":{"line":60,"column":17},"end":{"line":60,"column":48}},"locations":[{"start":{"line":60,"column":17},"end":{"line":60,"column":48}}]},"30":{"type":"branch","line":60,"loc":{"start":{"line":60,"column":48},"end":{"line":64,"column":8}},"locations":[{"start":{"line":60,"column":48},"end":{"line":64,"column":8}}]},"31":{"type":"branch","line":64,"loc":{"start":{"line":64,"column":4},"end":{"line":64,"column":26}},"locations":[{"start":{"line":64,"column":4},"end":{"line":64,"column":26}}]},"32":{"type":"branch","line":64,"loc":{"start":{"line":64,"column":8},"end":{"line":64,"column":49}},"locations":[{"start":{"line":64,"column":8},"end":{"line":64,"column":49}}]},"33":{"type":"branch","line":64,"loc":{"start":{"line":64,"column":49},"end":{"line":68,"column":8}},"locations":[{"start":{"line":64,"column":49},"end":{"line":68,"column":8}}]},"34":{"type":"branch","line":68,"loc":{"start":{"line":68,"column":4},"end":{"line":68,"column":26}},"locations":[{"start":{"line":68,"column":4},"end":{"line":68,"column":26}}]},"35":{"type":"branch","line":68,"loc":{"start":{"line":68,"column":8},"end":{"line":68,"column":40}},"locations":[{"start":{"line":68,"column":8},"end":{"line":68,"column":40}}]},"36":{"type":"branch","line":68,"loc":{"start":{"line":68,"column":40},"end":{"line":71,"column":16}},"locations":[{"start":{"line":68,"column":40},"end":{"line":71,"column":16}}]},"37":{"type":"branch","line":71,"loc":{"start":{"line":71,"column":4},"end":{"line":71,"column":16}},"locations":[{"start":{"line":71,"column":4},"end":{"line":71,"column":16}}]},"38":{"type":"branch","line":71,"loc":{"start":{"line":71,"column":4},"end":{"line":71,"column":25}},"locations":[{"start":{"line":71,"column":4},"end":{"line":71,"column":25}}]},"39":{"type":"branch","line":71,"loc":{"start":{"line":71,"column":24},"end":{"line":71,"column":64}},"locations":[{"start":{"line":71,"column":24},"end":{"line":71,"column":64}}]},"40":{"type":"branch","line":83,"loc":{"start":{"line":83,"column":21},"end":{"line":84,"column":22}},"locations":[{"start":{"line":83,"column":21},"end":{"line":84,"column":22}}]},"41":{"type":"branch","line":85,"loc":{"start":{"line":85,"column":23},"end":{"line":86,"column":23}},"locations":[{"start":{"line":85,"column":23},"end":{"line":86,"column":23}}]},"42":{"type":"branch","line":90,"loc":{"start":{"line":90,"column":38},"end":{"line":90,"column":54}},"locations":[{"start":{"line":90,"column":38},"end":{"line":90,"column":54}}]},"43":{"type":"branch","line":90,"loc":{"start":{"line":90,"column":44},"end":{"line":90,"column":57}},"locations":[{"start":{"line":90,"column":44},"end":{"line":90,"column":57}}]},"44":{"type":"branch","line":87,"loc":{"start":{"line":87,"column":27},"end":{"line":87,"column":51}},"locations":[{"start":{"line":87,"column":27},"end":{"line":87,"column":51}}]}},"b":{"0":[1],"1":[86],"2":[54],"3":[41],"4":[13],"5":[216],"6":[13],"7":[54],"8":[4],"9":[2],"10":[52],"11":[2],"12":[1],"13":[51],"14":[10],"15":[9],"16":[8],"17":[3],"18":[48],"19":[7],"20":[2],"21":[46],"22":[1],"23":[45],"24":[1],"25":[44],"26":[2],"27":[1],"28":[43],"29":[1],"30":[1],"31":[42],"32":[10],"33":[1],"34":[41],"35":[9],"36":[1],"37":[40],"38":[1],"39":[39],"40":[430],"41":[1634],"42":[86],"43":[1548],"44":[54]},"fnMap":{"0":{"name":"get","decl":{"start":{"line":5,"column":35},"end":{"line":5,"column":36}},"loc":{"start":{"line":5,"column":35},"end":{"line":5,"column":36}},"line":5},"1":{"name":"get","decl":{"start":{"line":6,"column":43},"end":{"line":6,"column":44}},"loc":{"start":{"line":6,"column":43},"end":{"line":6,"column":44}},"line":6},"2":{"name":"Calculator","decl":{"start":{"line":14,"column":19},"end":{"line":101,"column":1}},"loc":{"start":{"line":14,"column":19},"end":{"line":101,"column":1}},"line":14},"3":{"name":"getLastNumber","decl":{"start":{"line":20,"column":25},"end":{"line":32,"column":3}},"loc":{"start":{"line":20,"column":25},"end":{"line":32,"column":3}},"line":20},"4":{"name":"createHandlerCell","decl":{"start":{"line":34,"column":29},"end":{"line":72,"column":3}},"loc":{"start":{"line":34,"column":29},"end":{"line":72,"column":3}},"line":34},"5":{"name":"onClick","decl":{"start":{"line":87,"column":27},"end":{"line":87,"column":51}},"loc":{"start":{"line":87,"column":27},"end":{"line":87,"column":51}},"line":87}},"f":{"0":1,"1":0,"2":86,"3":54,"4":54,"5":54}}
}
